\BOOKMARK [1][-]{section.1}{Introducci\363n}{}% 1
\BOOKMARK [2][-]{subsection.1.1}{\277Por qu\351 usar Python?}{section.1}% 2
\BOOKMARK [2][-]{subsection.1.2}{Contras}{section.1}% 3
\BOOKMARK [2][-]{subsection.1.3}{\277Qui\351n usa Python?}{section.1}% 4
\BOOKMARK [2][-]{subsection.1.4}{\277Qu\351 se hace con Python?}{section.1}% 5
\BOOKMARK [2][-]{subsection.1.5}{Fortalezas t\351cnicas de Python}{section.1}% 6
\BOOKMARK [2][-]{subsection.1.6}{\277C\363mo se ejecuta un programa en Python?}{section.1}% 7
\BOOKMARK [1][-]{section.2}{N\372meros}{}% 8
\BOOKMARK [2][-]{subsection.2.1}{\277C\363mo se almacena un elemento en memoria?}{section.2}% 9
\BOOKMARK [1][-]{section.3}{Cadenas de texto}{}% 10
\BOOKMARK [2][-]{subsection.3.1}{Manipulaci\363n de cadenas}{section.3}% 11
\BOOKMARK [2][-]{subsection.3.2}{Secuencias de escape}{section.3}% 12
\BOOKMARK [2][-]{subsection.3.3}{Formateo avanzado de cadenas}{section.3}% 13
\BOOKMARK [2][-]{subsection.3.4}{Consideraciones especiales}{section.3}% 14
\BOOKMARK [1][-]{section.4}{Listas y diccionarios}{}% 15
\BOOKMARK [2][-]{subsection.4.1}{Diccionarios}{section.4}% 16
\BOOKMARK [1][-]{section.5}{Tuplas, archivos y otras estructuras de datos}{}% 17
\BOOKMARK [2][-]{subsection.5.1}{\277Para qu\351 sirve tener tipos inmutables y mutables?}{section.5}% 18
\BOOKMARK [2][-]{subsection.5.2}{\315ndices. Las mejoras de Python}{section.5}% 19
\BOOKMARK [2][-]{subsection.5.3}{Ficheros}{section.5}% 20
\BOOKMARK [1][-]{section.6}{Condicionales}{}% 21
\BOOKMARK [2][-]{subsection.6.1}{Reglas de sintaxis}{section.6}% 22
\BOOKMARK [1][-]{section.7}{Bucles}{}% 23
\BOOKMARK [1][-]{section.8}{Funciones}{}% 24
\BOOKMARK [1][-]{section.9}{M\363dulos}{}% 25
\BOOKMARK [2][-]{subsection.9.1}{Creaci\363n de m\363dulos}{section.9}% 26
\BOOKMARK [1][-]{section.10}{Clases, objetos y excepciones}{}% 27
\BOOKMARK [2][-]{subsection.10.1}{Un ejemplo inicial}{section.10}% 28
\BOOKMARK [2][-]{subsection.10.2}{Observaciones generales}{section.10}% 29
\BOOKMARK [2][-]{subsection.10.3}{Excepciones}{section.10}% 30
